<?xml version="1.0" encoding="UTF-8"?>
<!-- Generated by org.testng.reporters.JUnitReportReporter -->
<testsuite skipped="0" hostname="LAPTOP-20STLIJM" name="ExpediaHW.execute" tests="1" failures="0" timestamp="21 Jul 2019 17:19:22 GMT" time="138.186" errors="0">
  <testcase name="create" time="138.186" classname="ExpediaHW.execute"/>
</testsuite> <!-- ExpediaHW.execute -->
